Performing C SOURCE FILE Test CMAKE_HAVE_LIBC_PTHREAD failed with the following output:
Change Dir: /home/ilya/documents/cCppProjects/StartYourProject/build/CMakeFiles/CMakeTmp

Run Build Command(s):/usr/bin/make cmTC_12198/fast && make[1]: Entering directory '/home/ilya/documents/cCppProjects/StartYourProject/build/CMakeFiles/CMakeTmp'
/usr/bin/make -f CMakeFiles/cmTC_12198.dir/build.make CMakeFiles/cmTC_12198.dir/build
make[2]: Entering directory '/home/ilya/documents/cCppProjects/StartYourProject/build/CMakeFiles/CMakeTmp'
Building C object CMakeFiles/cmTC_12198.dir/src.c.o
/usr/bin/cc   -Wall -Wpedantic -Wextra -DCMAKE_HAVE_LIBC_PTHREAD   -o CMakeFiles/cmTC_12198.dir/src.c.o   -c /home/ilya/documents/cCppProjects/StartYourProject/build/CMakeFiles/CMakeTmp/src.c
Linking C executable cmTC_12198
/usr/bin/cmake -E cmake_link_script CMakeFiles/cmTC_12198.dir/link.txt --verbose=1
/usr/bin/cc -Wall -Wpedantic -Wextra -DCMAKE_HAVE_LIBC_PTHREAD   -coverage -lgcov  CMakeFiles/cmTC_12198.dir/src.c.o  -o cmTC_12198 
/usr/bin/ld: CMakeFiles/cmTC_12198.dir/src.c.o: in function `main':
src.c:(.text+0x46): undefined reference to `pthread_create'
/usr/bin/ld: src.c:(.text+0x52): undefined reference to `pthread_detach'
/usr/bin/ld: src.c:(.text+0x63): undefined reference to `pthread_join'
collect2: error: ld returned 1 exit status
make[2]: *** [CMakeFiles/cmTC_12198.dir/build.make:87: cmTC_12198] Error 1
make[2]: Leaving directory '/home/ilya/documents/cCppProjects/StartYourProject/build/CMakeFiles/CMakeTmp'
make[1]: *** [Makefile:121: cmTC_12198/fast] Error 2
make[1]: Leaving directory '/home/ilya/documents/cCppProjects/StartYourProject/build/CMakeFiles/CMakeTmp'


Source file was:
#include <pthread.h>

void* test_func(void* data)
{
  return data;
}

int main(void)
{
  pthread_t thread;
  pthread_create(&thread, NULL, test_func, NULL);
  pthread_detach(thread);
  pthread_join(thread, NULL);
  pthread_atfork(NULL, NULL, NULL);
  pthread_exit(NULL);

  return 0;
}

Determining if the function pthread_create exists in the pthreads failed with the following output:
Change Dir: /home/ilya/documents/cCppProjects/StartYourProject/build/CMakeFiles/CMakeTmp

Run Build Command(s):/usr/bin/make cmTC_b8746/fast && make[1]: Entering directory '/home/ilya/documents/cCppProjects/StartYourProject/build/CMakeFiles/CMakeTmp'
/usr/bin/make -f CMakeFiles/cmTC_b8746.dir/build.make CMakeFiles/cmTC_b8746.dir/build
make[2]: Entering directory '/home/ilya/documents/cCppProjects/StartYourProject/build/CMakeFiles/CMakeTmp'
Building C object CMakeFiles/cmTC_b8746.dir/CheckFunctionExists.c.o
/usr/bin/cc   -Wall -Wpedantic -Wextra -DCHECK_FUNCTION_EXISTS=pthread_create   -o CMakeFiles/cmTC_b8746.dir/CheckFunctionExists.c.o   -c /usr/share/cmake-3.16/Modules/CheckFunctionExists.c
Linking C executable cmTC_b8746
/usr/bin/cmake -E cmake_link_script CMakeFiles/cmTC_b8746.dir/link.txt --verbose=1
/usr/bin/cc -Wall -Wpedantic -Wextra -DCHECK_FUNCTION_EXISTS=pthread_create   -coverage -lgcov  CMakeFiles/cmTC_b8746.dir/CheckFunctionExists.c.o  -o cmTC_b8746  -lpthreads 
/usr/bin/ld: cannot find -lpthreads
collect2: error: ld returned 1 exit status
make[2]: *** [CMakeFiles/cmTC_b8746.dir/build.make:87: cmTC_b8746] Error 1
make[2]: Leaving directory '/home/ilya/documents/cCppProjects/StartYourProject/build/CMakeFiles/CMakeTmp'
make[1]: *** [Makefile:121: cmTC_b8746/fast] Error 2
make[1]: Leaving directory '/home/ilya/documents/cCppProjects/StartYourProject/build/CMakeFiles/CMakeTmp'



